{"message":"User created successfuly","context":{"message":"User created successfuly"},"level":200,"level_name":"INFO","channel":"local","datetime":"2026-02-23T18:44:58.410200+00:00","extra":{}}
{"message":"User created successfuly","context":{"message":"User created successfuly"},"level":200,"level_name":"INFO","channel":"jiuflix","datetime":"2026-02-25T01:11:03.372196+00:00","extra":{}}
{"message":"required_fields","context":{"message":"Validation required fields"},"level":400,"level_name":"ERROR","channel":"jiuflix","datetime":"2026-02-25T01:21:07.755110+00:00","extra":{}}
{"message":"type_graduation","context":{"message":"Validation type graduation"},"level":400,"level_name":"ERROR","channel":"jiuflix","datetime":"2026-02-25T01:21:41.213159+00:00","extra":{}}
{"message":"route_not_found","context":{"message":"Route not found"},"level":400,"level_name":"ERROR","channel":"jiuflix","datetime":"2026-02-25T01:23:20.300140+00:00","extra":{}}
{"message":"controller.classmate.get_all","context":{"message":"Classmates founded"},"level":200,"level_name":"INFO","channel":"jiuflix","datetime":"2026-02-25T01:31:21.235015+00:00","extra":{}}
{"message":"service.classmate.get_by_id","context":{"message":"Classmate founded"},"level":200,"level_name":"INFO","channel":"jiuflix","datetime":"2026-02-25T01:36:30.890952+00:00","extra":{}}
{"message":"service.classmate.get_by_id","context":{"message":"Classmate founded"},"level":200,"level_name":"INFO","channel":"jiuflix","datetime":"2026-02-25T01:36:37.976265+00:00","extra":{}}
{"message":"service.classmate.get_by_id.not_found","context":{"message":"Classmate not found"},"level":400,"level_name":"ERROR","channel":"jiuflix","datetime":"2026-02-25T01:36:37.976644+00:00","extra":{}}
{"message":"service.classmate.deleted","context":{"message":"Classmate deleted successfuly"},"level":200,"level_name":"INFO","channel":"jiuflix","datetime":"2026-02-25T01:37:26.362229+00:00","extra":{}}
{"message":"service.classmate.get_by_id.not_found","context":{"message":"Classmate not found"},"level":400,"level_name":"ERROR","channel":"jiuflix","datetime":"2026-02-25T01:37:26.362483+00:00","extra":{}}
{"message":"service.classmate.deleted","context":{"message":"Classmate deleted successfuly"},"level":200,"level_name":"INFO","channel":"jiuflix","datetime":"2026-02-25T01:37:37.642233+00:00","extra":{}}
{"message":"service.classmate.get_by_id.not_found","context":{"message":"Classmate not found"},"level":400,"level_name":"ERROR","channel":"jiuflix","datetime":"2026-02-25T01:37:37.642565+00:00","extra":{}}
{"message":"service.classmate.deleted","context":{"message":"Classmate deleted successfuly"},"level":200,"level_name":"INFO","channel":"jiuflix","datetime":"2026-02-25T01:37:39.740509+00:00","extra":{}}
{"message":"service.classmate.updated","context":{"message":"Classmate updated successfuly"},"level":200,"level_name":"INFO","channel":"jiuflix","datetime":"2026-02-25T01:45:11.069533+00:00","extra":{}}
{"message":"service.classmate.updated.not_found","context":{"message":"Classmate not found"},"level":400,"level_name":"ERROR","channel":"jiuflix","datetime":"2026-02-25T01:45:14.990597+00:00","extra":{}}
{"message":"controller.classmate.created","context":{"message":"Classmate created successfuly"},"level":200,"level_name":"INFO","channel":"jiuflix","datetime":"2026-03-05T16:51:59.279584+00:00","extra":{}}
{"message":"controller.classmate.created","context":{"message":"Classmate created successfuly"},"level":200,"level_name":"INFO","channel":"jiuflix","datetime":"2026-03-05T16:51:59.364012+00:00","extra":{}}
{"message":"controller.classmate.created","context":{"message":"Classmate created successfuly"},"level":200,"level_name":"INFO","channel":"jiuflix","datetime":"2026-03-05T16:53:05.579704+00:00","extra":{}}
{"message":"controller.classmate.created","context":{"message":"Classmate created successfuly"},"level":200,"level_name":"INFO","channel":"jiuflix","datetime":"2026-03-05T16:53:05.665526+00:00","extra":{}}
{"message":"controller.classmate.created","context":{"message":"Classmate created successfuly"},"level":200,"level_name":"INFO","channel":"jiuflix","datetime":"2026-03-05T17:15:57.940597+00:00","extra":{}}
{"message":"controller.classmate.created","context":{"message":"Classmate created successfuly"},"level":200,"level_name":"INFO","channel":"jiuflix","datetime":"2026-03-05T17:15:58.165430+00:00","extra":{}}
{"message":"service.classmate.get_by_id","context":{"message":"Classmate founded"},"level":200,"level_name":"INFO","channel":"jiuflix","datetime":"2026-03-05T17:16:07.852068+00:00","extra":{}}
{"message":"controller.classmate.bet_by_id","context":{"message":"Classmate founded successfuly"},"level":200,"level_name":"INFO","channel":"jiuflix","datetime":"2026-03-05T17:16:07.852412+00:00","extra":{}}
{"message":"route_not_found","context":{"message":"Route not found"},"level":400,"level_name":"ERROR","channel":"jiuflix","datetime":"2026-03-05T17:18:05.177556+00:00","extra":{}}
{"message":"service.classmate.get_by_id","context":{"message":"Classmate founded"},"level":200,"level_name":"INFO","channel":"jiuflix","datetime":"2026-03-05T17:18:09.085592+00:00","extra":{}}
{"message":"service.classmate.get_by_id.not_found","context":{"message":"Classmate not found"},"level":400,"level_name":"ERROR","channel":"jiuflix","datetime":"2026-03-05T17:18:09.085733+00:00","extra":{}}
{"message":"service.classmate.get_by_id","context":{"message":"Classmate founded"},"level":200,"level_name":"INFO","channel":"jiuflix","datetime":"2026-03-05T17:18:19.448805+00:00","extra":{}}
{"message":"controller.classmate.bet_by_id","context":{"message":"Classmate founded successfuly"},"level":200,"level_name":"INFO","channel":"jiuflix","datetime":"2026-03-05T17:18:19.449324+00:00","extra":{}}
{"message":"service.classmate.get_by_id","context":{"message":"Classmate founded"},"level":200,"level_name":"INFO","channel":"jiuflix","datetime":"2026-03-05T17:18:25.752190+00:00","extra":{}}
{"message":"service.classmate.get_by_id.not_found","context":{"message":"Classmate not found"},"level":400,"level_name":"ERROR","channel":"jiuflix","datetime":"2026-03-05T17:18:25.752337+00:00","extra":{}}
{"message":"service.classmate.get_by_id","context":{"message":"Classmate founded"},"level":200,"level_name":"INFO","channel":"jiuflix","datetime":"2026-03-05T17:18:57.020186+00:00","extra":{}}
{"message":"controller.classmate.bet_by_id","context":{"message":"Classmate founded successfuly"},"level":200,"level_name":"INFO","channel":"jiuflix","datetime":"2026-03-05T17:18:57.020797+00:00","extra":{}}
{"message":"service.classmate.get_by_id","context":{"message":"Classmate founded"},"level":200,"level_name":"INFO","channel":"jiuflix","datetime":"2026-03-05T17:19:10.668287+00:00","extra":{}}
{"message":"controller.classmate.bet_by_id","context":{"message":"Classmate founded successfuly"},"level":200,"level_name":"INFO","channel":"jiuflix","datetime":"2026-03-05T17:19:10.668715+00:00","extra":{}}
{"message":"service.classmate.get_by_id","context":{"message":"Classmate founded"},"level":200,"level_name":"INFO","channel":"jiuflix","datetime":"2026-03-05T17:19:21.204563+00:00","extra":{}}
{"message":"service.classmate.get_by_id","context":{"message":"Classmate founded"},"level":200,"level_name":"INFO","channel":"jiuflix","datetime":"2026-03-05T17:19:31.220982+00:00","extra":{}}
{"message":"service.classmate.get_by_id","context":{"message":"Classmate founded"},"level":200,"level_name":"INFO","channel":"jiuflix","datetime":"2026-03-05T17:19:44.206896+00:00","extra":{}}
{"message":"service.classmate.get_by_id","context":{"message":"Classmate founded"},"level":200,"level_name":"INFO","channel":"jiuflix","datetime":"2026-03-05T17:20:08.371381+00:00","extra":{}}
{"message":"controller.classmate.bet_by_id","context":{"message":"Classmate founded successfuly"},"level":200,"level_name":"INFO","channel":"jiuflix","datetime":"2026-03-05T17:20:08.371684+00:00","extra":{}}
{"message":"service.classmate.get_by_id","context":{"message":"Classmate founded"},"level":200,"level_name":"INFO","channel":"jiuflix","datetime":"2026-03-05T17:21:25.366421+00:00","extra":{}}
{"message":"controller.classmate.bet_by_id","context":{"message":"Classmate founded successfuly"},"level":200,"level_name":"INFO","channel":"jiuflix","datetime":"2026-03-05T17:21:25.366667+00:00","extra":{}}
{"message":"service.classmate.get_by_id","context":{"message":"Classmate founded"},"level":200,"level_name":"INFO","channel":"jiuflix","datetime":"2026-03-05T17:21:57.806031+00:00","extra":{}}
{"message":"controller.classmate.bet_by_id","context":{"message":"Classmate founded successfuly"},"level":200,"level_name":"INFO","channel":"jiuflix","datetime":"2026-03-05T17:21:57.806951+00:00","extra":{}}
{"message":"service.classmate.get_by_id","context":{"message":"Classmate founded"},"level":200,"level_name":"INFO","channel":"jiuflix","datetime":"2026-03-05T17:22:12.788030+00:00","extra":{}}
{"message":"controller.classmate.bet_by_id","context":{"message":"Classmate founded successfuly"},"level":200,"level_name":"INFO","channel":"jiuflix","datetime":"2026-03-05T17:22:12.788203+00:00","extra":{}}
{"message":"service.classmate.get_by_id","context":{"message":"Classmate founded"},"level":200,"level_name":"INFO","channel":"jiuflix","datetime":"2026-03-05T17:22:21.440841+00:00","extra":{}}
{"message":"controller.classmate.bet_by_id","context":{"message":"Classmate founded successfuly"},"level":200,"level_name":"INFO","channel":"jiuflix","datetime":"2026-03-05T17:22:21.441017+00:00","extra":{}}
{"message":"service.classmate.get_by_id","context":{"message":"Classmate founded"},"level":200,"level_name":"INFO","channel":"jiuflix","datetime":"2026-03-05T17:23:23.211592+00:00","extra":{}}
{"message":"controller.classmate.bet_by_id","context":{"message":"Classmate founded successfuly"},"level":200,"level_name":"INFO","channel":"jiuflix","datetime":"2026-03-05T17:23:23.212121+00:00","extra":{}}
{"message":"service.classmate.get_by_id","context":{"message":"Classmate founded"},"level":200,"level_name":"INFO","channel":"jiuflix","datetime":"2026-03-05T17:23:48.923452+00:00","extra":{}}
{"message":"controller.classmate.bet_by_id","context":{"message":"Classmate founded successfuly"},"level":200,"level_name":"INFO","channel":"jiuflix","datetime":"2026-03-05T17:23:48.923860+00:00","extra":{}}
{"message":"service.classmate.get_by_id","context":{"message":"Classmate founded"},"level":200,"level_name":"INFO","channel":"jiuflix","datetime":"2026-03-05T17:24:02.308131+00:00","extra":{}}
{"message":"controller.classmate.bet_by_id","context":{"message":"Classmate founded successfuly"},"level":200,"level_name":"INFO","channel":"jiuflix","datetime":"2026-03-05T17:24:02.308299+00:00","extra":{}}
{"message":"controller.classmate.created","context":{"message":"Classmate created successfuly"},"level":200,"level_name":"INFO","channel":"jiuflix","datetime":"2026-03-05T17:30:03.668484+00:00","extra":{}}
{"message":"controller.classmate.created","context":{"message":"Classmate created successfuly"},"level":200,"level_name":"INFO","channel":"jiuflix","datetime":"2026-03-05T17:30:03.782557+00:00","extra":{}}
{"message":"service.classmate.get_by_id","context":{"message":"Classmate founded"},"level":200,"level_name":"INFO","channel":"jiuflix","datetime":"2026-03-05T17:30:20.141119+00:00","extra":{}}
{"message":"controller.classmate.bet_by_id","context":{"message":"Classmate founded successfuly"},"level":200,"level_name":"INFO","channel":"jiuflix","datetime":"2026-03-05T17:30:20.141380+00:00","extra":{}}
{"message":"controller.classmate.created","context":{"message":"Classmate created successfuly"},"level":200,"level_name":"INFO","channel":"jiuflix","datetime":"2026-03-05T17:31:02.288392+00:00","extra":{}}
{"message":"controller.classmate.created","context":{"message":"Classmate created successfuly"},"level":200,"level_name":"INFO","channel":"jiuflix","datetime":"2026-03-05T17:31:02.328426+00:00","extra":{}}
{"message":"controller.classmate.created","context":{"message":"Classmate created successfuly"},"level":200,"level_name":"INFO","channel":"jiuflix","datetime":"2026-03-05T17:42:25.590677+00:00","extra":{}}
{"message":"controller.classmate.created","context":{"message":"Classmate created successfuly"},"level":200,"level_name":"INFO","channel":"jiuflix","datetime":"2026-03-05T17:42:25.838728+00:00","extra":{}}
{"message":"controller.classmate.created","context":{"message":"Classmate created successfuly"},"level":200,"level_name":"INFO","channel":"jiuflix","datetime":"2026-03-05T17:43:42.045846+00:00","extra":{}}
{"message":"controller.classmate.created","context":{"message":"Classmate created successfuly"},"level":200,"level_name":"INFO","channel":"jiuflix","datetime":"2026-03-05T17:43:42.254477+00:00","extra":{}}
{"message":"service.classmate.get_by_id","context":{"message":"Classmate founded"},"level":200,"level_name":"INFO","channel":"jiuflix","datetime":"2026-03-05T17:43:45.840550+00:00","extra":{}}
{"message":"controller.classmate.bet_by_id","context":{"message":"Classmate founded successfuly"},"level":200,"level_name":"INFO","channel":"jiuflix","datetime":"2026-03-05T17:43:45.841000+00:00","extra":{}}
{"message":"service.classmate.get_by_id","context":{"message":"Classmate founded"},"level":200,"level_name":"INFO","channel":"jiuflix","datetime":"2026-03-05T17:44:29.761708+00:00","extra":{}}
{"message":"controller.classmate.bet_by_id","context":{"message":"Classmate founded successfuly"},"level":200,"level_name":"INFO","channel":"jiuflix","datetime":"2026-03-05T17:44:29.777053+00:00","extra":{}}
{"message":"controller.classmate.created","context":{"message":"Classmate created successfuly"},"level":200,"level_name":"INFO","channel":"jiuflix","datetime":"2026-03-05T18:00:28.053373+00:00","extra":{}}
{"message":"controller.classmate.created","context":{"message":"Classmate created successfuly"},"level":200,"level_name":"INFO","channel":"jiuflix","datetime":"2026-03-05T18:00:28.175835+00:00","extra":{}}
{"message":"controller.classmate.created","context":{"message":"Classmate created successfuly"},"level":200,"level_name":"INFO","channel":"jiuflix","datetime":"2026-03-05T18:01:26.093927+00:00","extra":{}}
{"message":"controller.classmate.created","context":{"message":"Classmate created successfuly"},"level":200,"level_name":"INFO","channel":"jiuflix","datetime":"2026-03-05T18:09:22.058799+00:00","extra":{}}
{"message":"controller.classmate.created","context":{"message":"Classmate created successfuly"},"level":200,"level_name":"INFO","channel":"jiuflix","datetime":"2026-03-05T18:09:22.159782+00:00","extra":{}}
{"message":"controller.classmate.created","context":{"message":"Classmate created successfuly"},"level":200,"level_name":"INFO","channel":"jiuflix","datetime":"2026-03-05T18:11:58.744673+00:00","extra":{}}
{"message":"controller.classmate.created","context":{"message":"Classmate created successfuly"},"level":200,"level_name":"INFO","channel":"jiuflix","datetime":"2026-03-05T18:11:58.839106+00:00","extra":{}}
{"message":"controller.classmate.created","context":{"message":"Classmate created successfuly"},"level":200,"level_name":"INFO","channel":"jiuflix","datetime":"2026-03-05T18:37:29.642688+00:00","extra":{}}
{"message":"controller.classmate.created","context":{"message":"Classmate created successfuly"},"level":200,"level_name":"INFO","channel":"jiuflix","datetime":"2026-03-05T18:37:30.059854+00:00","extra":{}}
{"message":"controller.classmate.created","context":{"message":"Classmate created successfuly"},"level":200,"level_name":"INFO","channel":"jiuflix","datetime":"2026-03-05T18:39:08.769916+00:00","extra":{}}
{"message":"controller.classmate.created","context":{"message":"Classmate created successfuly"},"level":200,"level_name":"INFO","channel":"jiuflix","datetime":"2026-03-05T18:39:08.855518+00:00","extra":{}}
{"message":"controller.classmate.created","context":{"message":"Classmate created successfuly"},"level":200,"level_name":"INFO","channel":"jiuflix","datetime":"2026-03-05T18:39:19.290054+00:00","extra":{}}
{"message":"controller.classmate.created","context":{"message":"Classmate created successfuly"},"level":200,"level_name":"INFO","channel":"jiuflix","datetime":"2026-03-05T18:39:19.376745+00:00","extra":{}}
{"message":"controller.classmate.created","context":{"message":"Classmate created successfuly"},"level":200,"level_name":"INFO","channel":"jiuflix","datetime":"2026-03-05T18:40:11.128174+00:00","extra":{}}
{"message":"controller.classmate.created","context":{"message":"Classmate created successfuly"},"level":200,"level_name":"INFO","channel":"jiuflix","datetime":"2026-03-05T18:40:11.221145+00:00","extra":{}}
{"message":"controller.classmate.created","context":{"message":"Classmate created successfuly"},"level":200,"level_name":"INFO","channel":"jiuflix","datetime":"2026-03-05T18:40:45.337024+00:00","extra":{}}
{"message":"controller.classmate.created","context":{"message":"Classmate created successfuly"},"level":200,"level_name":"INFO","channel":"jiuflix","datetime":"2026-03-05T18:40:45.385923+00:00","extra":{}}
{"message":"controller.classmate.created","context":{"message":"Classmate created successfuly"},"level":200,"level_name":"INFO","channel":"jiuflix","datetime":"2026-03-05T18:41:02.491730+00:00","extra":{}}
{"message":"controller.classmate.created","context":{"message":"Classmate created successfuly"},"level":200,"level_name":"INFO","channel":"jiuflix","datetime":"2026-03-05T18:41:02.531603+00:00","extra":{}}
{"message":"controller.classmate.created","context":{"message":"Classmate created successfuly"},"level":200,"level_name":"INFO","channel":"jiuflix","datetime":"2026-03-05T18:43:34.267700+00:00","extra":{}}
{"message":"controller.classmate.created","context":{"message":"Classmate created successfuly"},"level":200,"level_name":"INFO","channel":"jiuflix","datetime":"2026-03-05T18:43:34.371559+00:00","extra":{}}
{"message":"controller.classmate.created","context":{"message":"Classmate created successfuly"},"level":200,"level_name":"INFO","channel":"jiuflix","datetime":"2026-03-05T18:44:07.828304+00:00","extra":{}}
{"message":"controller.classmate.created","context":{"message":"Classmate created successfuly"},"level":200,"level_name":"INFO","channel":"jiuflix","datetime":"2026-03-05T18:44:07.876183+00:00","extra":{}}
{"message":"controller.classmate.created","context":{"message":"Classmate created successfuly"},"level":200,"level_name":"INFO","channel":"jiuflix","datetime":"2026-03-05T18:44:23.637385+00:00","extra":{}}
{"message":"controller.classmate.created","context":{"message":"Classmate created successfuly"},"level":200,"level_name":"INFO","channel":"jiuflix","datetime":"2026-03-05T18:44:23.783367+00:00","extra":{}}
{"message":"controller.classmate.created","context":{"message":"Classmate created successfuly"},"level":200,"level_name":"INFO","channel":"jiuflix","datetime":"2026-03-05T18:45:38.875144+00:00","extra":{}}
{"message":"controller.classmate.created","context":{"message":"Classmate created successfuly"},"level":200,"level_name":"INFO","channel":"jiuflix","datetime":"2026-03-05T18:45:38.933771+00:00","extra":{}}
{"message":"controller.classmate.created","context":{"message":"Classmate created successfuly"},"level":200,"level_name":"INFO","channel":"jiuflix","datetime":"2026-03-05T18:48:28.934863+00:00","extra":{}}
{"message":"controller.classmate.created","context":{"message":"Classmate created successfuly"},"level":200,"level_name":"INFO","channel":"jiuflix","datetime":"2026-03-05T18:48:28.998080+00:00","extra":{}}
